<?xml version="1.0" encoding="UTF-8"?>
<!-- Generated by org.testng.reporters.JUnitReportReporter -->
<testsuite hostname="TYSS-Sumanth" failures="0" tests="1" name="beautyProducts.TC_BeautyProducts_023" time="25.257" errors="0" timestamp="2023-01-12T15:02:01 IST" skipped="0">
  <testcase classname="beautyProducts.TC_BeautyProducts_023" name="sugarCosmetics" time="25.257"/>
  <system-out/>
</testsuite> <!-- beautyProducts.TC_BeautyProducts_023 -->
