<?xml version="1.0" encoding="UTF-8"?>
<!-- Generated by org.testng.reporters.JUnitReportReporter -->
<testsuite hostname="TYSS-Sumanth" failures="0" tests="5" name="workingWithTextNG.DataFromDataProvider" time="72.226" errors="0" timestamp="2023-01-11T12:51:36 IST" skipped="0">
  <testcase classname="workingWithTextNG.DataFromDataProvider" name="launchApplication" time="13.666"/>
  <system-out/>
  <testcase classname="workingWithTextNG.DataFromDataProvider" name="launchApplication" time="17.157"/>
  <system-out/>
  <testcase classname="workingWithTextNG.DataFromDataProvider" name="launchApplication" time="10.568"/>
  <system-out/>
  <testcase classname="workingWithTextNG.DataFromDataProvider" name="launchApplication" time="19.855"/>
  <system-out/>
  <testcase classname="workingWithTextNG.DataFromDataProvider" name="launchApplication" time="10.980"/>
  <system-out/>
</testsuite> <!-- workingWithTextNG.DataFromDataProvider -->
