<?xml version="1.0" encoding="UTF-8"?>
<!-- Generated by org.testng.reporters.JUnitReportReporter -->
<testsuite hostname="TYSS-Sumanth" failures="0" tests="1" name="workingWithTextNG.Demo" time="6.077" errors="0" timestamp="2023-01-02T18:04:31 IST" skipped="0">
  <testcase classname="workingWithTextNG.Demo" name="createAccount" time="6.077"/>
  <system-out/>
</testsuite> <!-- workingWithTextNG.Demo -->
