<?xml version="1.0" encoding="UTF-8"?>
<!-- Generated by org.testng.reporters.JUnitReportReporter -->
<testsuite hostname="TYSS-Sumanth" failures="0" tests="11" name="workingWithTextNG.Demod" time="0.291" errors="0" timestamp="2023-01-11T12:47:36 IST" skipped="0">
  <testcase classname="workingWithTextNG.Demod" name="read" time="0.019"/>
  <system-out/>
  <testcase classname="workingWithTextNG.Demod" name="read" time="0.033"/>
  <system-out/>
  <testcase classname="workingWithTextNG.Demod" name="read" time="0.029"/>
  <system-out/>
  <testcase classname="workingWithTextNG.Demod" name="read" time="0.023"/>
  <system-out/>
  <testcase classname="workingWithTextNG.Demod" name="read" time="0.035"/>
  <system-out/>
  <testcase classname="workingWithTextNG.Demod" name="read" time="0.024"/>
  <system-out/>
  <testcase classname="workingWithTextNG.Demod" name="read" time="0.031"/>
  <system-out/>
  <testcase classname="workingWithTextNG.Demod" name="read" time="0.030"/>
  <system-out/>
  <testcase classname="workingWithTextNG.Demod" name="read" time="0.021"/>
  <system-out/>
  <testcase classname="workingWithTextNG.Demod" name="read" time="0.034"/>
  <system-out/>
  <testcase classname="workingWithTextNG.Demod" name="read" time="0.012"/>
  <system-out/>
</testsuite> <!-- workingWithTextNG.Demod -->
