<?xml version="1.0" encoding="UTF-8"?>
<!-- Generated by org.testng.reporters.JUnitReportReporter -->
<testsuite hostname="TYSS-Sumanth" failures="0" tests="1" name="beautyProducts.TC_BeautyProducts_022" time="6.526" errors="0" timestamp="2023-01-12T15:20:13 IST" skipped="0">
  <testcase classname="beautyProducts.TC_BeautyProducts_022" name="smytten" time="6.526"/>
  <system-out/>
</testsuite> <!-- beautyProducts.TC_BeautyProducts_022 -->
