<?xml version="1.0" encoding="UTF-8"?>
<!-- Generated by org.testng.reporters.JUnitReportReporter -->
<testsuite hostname="TYSS-Sumanth" failures="0" tests="6" name="workingWithTextNG.TC_Contacts_001" time="0.013" errors="0" timestamp="2023-01-02T16:57:28 IST" skipped="0">
  <testcase classname="workingWithTextNG.TC_Contacts_001" name="modifyContact" time="0.006"/>
  <system-out>
FROM MODIFY CONTACT  </system-out>
  <testcase classname="workingWithTextNG.TC_Contacts_001" name="deleteContact" time="0.002"/>
  <system-out>
FROM DELETE CONTACT  </system-out>
  <testcase classname="workingWithTextNG.TC_Contacts_001" name="createContact" time="0.001"/>
  <system-out>
FROM CREATE CONTACT  </system-out>
  <testcase classname="workingWithTextNG.TC_Contacts_001" name="addContact" time="0.002"/>
  <system-out>
FROM ADD CONTACT  </system-out>
  <testcase classname="workingWithTextNG.TC_Contacts_001" name="removeContact" time="0.000"/>
  <system-out>
FROM REMOVE CONTACT  </system-out>
  <testcase classname="workingWithTextNG.TC_Contacts_001" name="editContact" time="0.002"/>
  <system-out>
FROM EDIT CONTACT  </system-out>
</testsuite> <!-- workingWithTextNG.TC_Contacts_001 -->
