<?xml version="1.0" encoding="UTF-8"?>
<!-- Generated by org.testng.reporters.JUnitReportReporter -->
<testsuite hostname="TYSS-Sumanth" failures="0" tests="2" name="workingWithTextNG.RecevieUrlFromXML" time="17.707" errors="0" timestamp="2023-01-10T15:07:17 IST" skipped="0">
  <testcase classname="workingWithTextNG.RecevieUrlFromXML" name="readDataFromXML" time="8.470"/>
  <system-out/>
  <testcase classname="workingWithTextNG.RecevieUrlFromXML" name="readDataFromXML" time="9.237"/>
  <system-out/>
</testsuite> <!-- workingWithTextNG.RecevieUrlFromXML -->
