<?xml version="1.0" encoding="UTF-8"?>
<!-- Generated by org.testng.reporters.JUnitReportReporter -->
<testsuite hostname="TYSS-Sumanth" failures="0" tests="1" name="bus.SearchBuses" time="65.826" errors="0" timestamp="2023-01-13T13:11:03 IST" skipped="0">
  <testcase classname="bus.SearchBuses" name="searchBusForThreeDifferentFromAndToLocations" time="65.826"/>
  <system-out/>
</testsuite> <!-- bus.SearchBuses -->
