<?xml version="1.0" encoding="UTF-8"?>
<!-- Generated by org.testng.reporters.JUnitReportReporter -->
<testsuite hostname="TYSS-Sumanth" failures="0" tests="1" name="bikes.TC_Bikes_012" time="4.961" errors="0" timestamp="2023-01-12T15:20:13 IST" skipped="0">
  <testcase classname="bikes.TC_Bikes_012" name="ducati" time="4.961"/>
  <system-out/>
</testsuite> <!-- bikes.TC_Bikes_012 -->
