<?xml version="1.0" encoding="UTF-8"?>
<!-- Generated by org.testng.reporters.JUnitReportReporter -->
<testsuite hostname="TYSS-Sumanth" failures="0" tests="3" name="configurationAnnotations.ExploringConfigAnnotations" time="0.019" errors="0" timestamp="2023-01-11T15:30:26 IST" skipped="0">
  <testcase classname="configurationAnnotations.ExploringConfigAnnotations" name="deleteUser" time="0.002"/>
  <system-out>
From delete user test Script  </system-out>
  <testcase classname="configurationAnnotations.ExploringConfigAnnotations" name="addUser" time="0.008"/>
  <system-out>
from add user test script  </system-out>
  <testcase classname="configurationAnnotations.ExploringConfigAnnotations" name="createUser" time="0.009"/>
  <system-out>
From create user Test Script  </system-out>
</testsuite> <!-- configurationAnnotations.ExploringConfigAnnotations -->
