<?xml version="1.0" encoding="UTF-8"?>
<!-- Generated by org.testng.reporters.JUnitReportReporter -->
<testsuite hostname="TYSS-Sumanth" failures="0" tests="5" name="workingWithTextNG.ExecutionCondition" time="0.030" errors="0" timestamp="2023-01-03T12:01:16 IST" skipped="0">
  <testcase classname="workingWithTextNG.ExecutionCondition" name="amountTransfer" time="0.002"/>
  <system-out>
Frome amount transfer  </system-out>
  <testcase classname="workingWithTextNG.ExecutionCondition" name="deleteAccount" time="0.003"/>
  <system-out>
Frome delete Account  </system-out>
  <testcase classname="workingWithTextNG.ExecutionCondition" name="register" time="0.002"/>
  <system-out>
Frome register  </system-out>
  <testcase classname="workingWithTextNG.ExecutionCondition" name="createAccount" time="0.021"/>
  <system-out>
Frome Create Account  </system-out>
  <testcase classname="workingWithTextNG.ExecutionCondition" name="modifyAccount" time="0.002"/>
  <system-out>
Frome modify Account  </system-out>
</testsuite> <!-- workingWithTextNG.ExecutionCondition -->
