<?xml version="1.0" encoding="UTF-8"?>
<!-- Generated by org.testng.reporters.JUnitReportReporter -->
<testsuite hostname="TYSS-Sumanth" failures="0" tests="1" name="bikes.TC_Bikes_010" time="16.272" errors="0" timestamp="2023-01-12T15:18:57 IST" skipped="0">
  <testcase classname="bikes.TC_Bikes_010" name="triumph" time="16.272"/>
  <system-out/>
</testsuite> <!-- bikes.TC_Bikes_010 -->
