<?xml version="1.0" encoding="UTF-8"?>
<!-- Generated by org.testng.reporters.JUnitReportReporter -->
<testsuite hostname="TYSS-Sumanth" failures="0" tests="2" name="workingWithTextNG.MultipleLoginsToActitime" time="27.470" errors="0" timestamp="2023-01-11T12:56:07 IST" skipped="0">
  <testcase classname="workingWithTextNG.MultipleLoginsToActitime" name="launchApplication" time="14.060"/>
  <system-out/>
  <testcase classname="workingWithTextNG.MultipleLoginsToActitime" name="launchApplication" time="13.410"/>
  <system-out/>
</testsuite> <!-- workingWithTextNG.MultipleLoginsToActitime -->
