<?xml version="1.0" encoding="UTF-8"?>
<!-- Generated by org.testng.reporters.JUnitReportReporter -->
<testsuite hostname="TYSS-Sumanth" failures="0" tests="1" name="beautyProducts.TC_BeautyProducts_021" time="15.563" errors="0" timestamp="2023-01-12T15:20:13 IST" skipped="0">
  <testcase classname="beautyProducts.TC_BeautyProducts_021" name="purple" time="15.563"/>
  <system-out/>
</testsuite> <!-- beautyProducts.TC_BeautyProducts_021 -->
